<?xml version="1.0" encoding="UTF-8"?>
<testsuite xmlns:xsi="http://www.w3.org/2001/XMLSchema-instance" xsi:noNamespaceSchemaLocation="https://maven.apache.org/surefire/maven-surefire-plugin/xsd/surefire-test-report-3.0.xsd" version="3.0" name="isi.dan.msclientes.controller.ObraControllerTest" time="1.99" tests="8" errors="0" skipped="0" failures="0">
  <properties>
[...]
</properties>
  <testcase name="testGetById" classname="isi.dan.msclientes.controller.ObraControllerTest" time="0.058">
    <system-out><![CDATA[&amp#27;[32m2024-08-04 18:02:24,197&amp#27;[0;39m &amp#27;[34mINFO &amp#27;[0;39m &amp#27;[33m[AnnotationConfigContextLoaderUtils.java:83]&amp#27;[0;39m &amp#27;[34m: Could not detect default configuration classes for test class [isi.dan.msclientes.controller.ObraControllerTest]: ObraControllerTest does not declare any static, non-private, non-final, nested classes annotated with @Configuration.
&amp#27;[0;39m&amp#27;[32m2024-08-04 18:02:24,227&amp#27;[0;39m &amp#27;[34mINFO &amp#27;[0;39m &amp#27;[33m[SpringBootTestContextBootstrapper.java:234]&amp#27;[0;39m &amp#27;[34m: Found @SpringBootConfiguration isi.dan.msclientes.MsClientesApplication for test class isi.dan.msclientes.controller.ObraControllerTest
&amp#27;[0;39m&amp#27;[32m2024-08-04 18:02:24,236&amp#27;[0;39m &amp#27;[34mINFO &amp#27;[0;39m &amp#27;[33m[RestartApplicationListener.java:74]&amp#27;[0;39m &amp#27;[34m: Restart disabled due to context in which it is running
&amp#27;[0;39m18:02:25,364 |-WARN in ch.qos.logback.classic.joran.action.LevelAction - <level> element is deprecated. Near [level] on line 42
18:02:25,364 |-WARN in ch.qos.logback.classic.joran.action.LevelAction - Please use "level" attribute within <logger> or <root> elements instead.
18:02:25,365 |-INFO in ch.qos.logback.core.model.processor.AppenderModelHandler - Processing appender named [STDOUT]
18:02:25,365 |-INFO in ch.qos.logback.core.model.processor.AppenderModelHandler - About to instantiate appender of type [ch.qos.logback.core.ConsoleAppender]
18:02:25,368 |-INFO in ch.qos.logback.core.model.processor.ImplicitModelHandler - Assuming default type [ch.qos.logback.classic.encoder.PatternLayoutEncoder] for [encoder] property
18:02:25,371 |-INFO in ch.qos.logback.core.model.processor.AppenderModelHandler - Processing appender named [GELF]
18:02:25,371 |-INFO in ch.qos.logback.core.model.processor.AppenderModelHandler - About to instantiate appender of type [de.siegmar.logbackgelf.GelfUdpAppender]
18:02:25,372 |-WARN in ch.qos.logback.core.model.processor.ImplicitModelHandler - Ignoring unknown property [useCompression] in [de.siegmar.logbackgelf.GelfUdpAppender]
18:02:25,373 |-WARN in ch.qos.logback.core.model.processor.ImplicitModelHandler - Ignoring unknown property [shortPatternLayout] in [de.siegmar.logbackgelf.GelfEncoder]
18:02:25,373 |-WARN in ch.qos.logback.core.model.processor.ImplicitModelHandler - Ignoring unknown property [fullPatternLayout] in [de.siegmar.logbackgelf.GelfEncoder]
18:02:25,374 |-INFO in ch.qos.logback.classic.model.processor.RootLoggerModelHandler - Setting level of ROOT logger to INFO
18:02:25,374 |-INFO in ch.qos.logback.classic.jul.LevelChangePropagator@11aeb673 - Propagating INFO level on Logger[ROOT] onto the JUL framework
18:02:25,374 |-INFO in ch.qos.logback.core.model.processor.AppenderRefModelHandler - Attaching appender named [STDOUT] to Logger[ROOT]
18:02:25,374 |-INFO in ch.qos.logback.classic.model.processor.LoggerModelHandler - Setting additivity of logger [isi.dan.ms_productos] to false
18:02:25,374 |-INFO in ch.qos.logback.classic.jul.LevelChangePropagator@11aeb673 - Propagating DEBUG level on Logger[isi.dan.ms_productos] onto the JUL framework
18:02:25,374 |-INFO in ch.qos.logback.classic.model.processor.LevelModelHandler - isi.dan.ms_productos level set to DEBUG
18:02:25,374 |-INFO in ch.qos.logback.core.model.processor.AppenderRefModelHandler - Attaching appender named [GELF] to Logger[isi.dan.ms_productos]
18:02:25,374 |-INFO in ch.qos.logback.core.model.processor.AppenderRefModelHandler - Attaching appender named [STDOUT] to Logger[isi.dan.ms_productos]
18:02:25,374 |-INFO in ch.qos.logback.core.model.processor.DefaultProcessor@a0b11 - End of configuration.
18:02:25,374 |-INFO in org.springframework.boot.logging.logback.SpringBootJoranConfigurator@c76c029 - Registering current configuration as safe fallback point


  .   ____          _            __ _ _
 /\\ / ___'_ __ _ _(_)_ __  __ _ \ \ \ \
( ( )\___ | '_ | '_| | '_ \/ _` | \ \ \ \
 \\/  ___)| |_)| | | | | || (_| |  ) ) ) )
  '  |____| .__|_| |_|_| |_\__, | / / / /
 =========|_|==============|___/=/_/_/_/

 :: Spring Boot ::                (v3.3.2)

&amp#27;[32m2024-08-04 18:02:25,385&amp#27;[0;39m &amp#27;[34mINFO &amp#27;[0;39m &amp#27;[33m[StartupInfoLogger.java:50]&amp#27;[0;39m &amp#27;[34m: Starting ObraControllerTest using Java 21 with PID 5824 (started by matia in C:\Users\matia\OneDrive\Escritorio\facultad\4to\DAN\Tpgit\tpDan\ms-clientes)
&amp#27;[0;39m&amp#27;[32m2024-08-04 18:02:25,386&amp#27;[0;39m &amp#27;[34mINFO &amp#27;[0;39m &amp#27;[33m[SpringApplication.java:654]&amp#27;[0;39m &amp#27;[34m: No active profile set, falling back to 1 default profile: "default"
&amp#27;[0;39m&amp#27;[32m2024-08-04 18:02:25,975&amp#27;[0;39m &amp#27;[34mINFO &amp#27;[0;39m &amp#27;[33m[MockServletContext.java:437]&amp#27;[0;39m &amp#27;[34m: Initializing Spring TestDispatcherServlet ''
&amp#27;[0;39m&amp#27;[32m2024-08-04 18:02:25,976&amp#27;[0;39m &amp#27;[34mINFO &amp#27;[0;39m &amp#27;[33m[FrameworkServlet.java:532]&amp#27;[0;39m &amp#27;[34m: Initializing Servlet ''
&amp#27;[0;39m&amp#27;[32m2024-08-04 18:02:25,977&amp#27;[0;39m &amp#27;[34mINFO &amp#27;[0;39m &amp#27;[33m[FrameworkServlet.java:554]&amp#27;[0;39m &amp#27;[34m: Completed initialization in 1 ms
&amp#27;[0;39m&amp#27;[32m2024-08-04 18:02:25,986&amp#27;[0;39m &amp#27;[34mINFO &amp#27;[0;39m &amp#27;[33m[StartupInfoLogger.java:56]&amp#27;[0;39m &amp#27;[34m: Started ObraControllerTest in 1.751 seconds (process running for 11.869)
&amp#27;[0;39m]]></system-out>
  </testcase>
  <testcase name="testMarcarFinalizada" classname="isi.dan.msclientes.controller.ObraControllerTest" time="0.016"/>
  <testcase name="testMarcarPendiente" classname="isi.dan.msclientes.controller.ObraControllerTest" time="0.014"/>
  <testcase name="testMarcarHabilitada" classname="isi.dan.msclientes.controller.ObraControllerTest" time="0.015"/>
  <testcase name="testCreate" classname="isi.dan.msclientes.controller.ObraControllerTest" time="0.044"/>
  <testcase name="testDelete" classname="isi.dan.msclientes.controller.ObraControllerTest" time="0.008"/>
  <testcase name="testGetAll" classname="isi.dan.msclientes.controller.ObraControllerTest" time="0.008"/>
  <testcase name="testUpdate" classname="isi.dan.msclientes.controller.ObraControllerTest" time="0.012"/>
</testsuite>